2025-10-02 13:27:22 | INFO | Начало проверки новостей
2025-10-02 13:27:22 | INFO | Следующая проверка через 10 мин
2025-10-02 13:37:22 | INFO | Начало проверки новостей
2025-10-02 13:37:22 | INFO | Следующая проверка через 10 мин
2025-10-02 13:47:22 | INFO | Начало проверки новостей
2025-10-02 13:47:22 | INFO | Следующая проверка через 10 мин
2025-10-02 13:57:22 | INFO | Начало проверки новостей
2025-10-02 13:57:22 | INFO | Следующая проверка через 10 мин
2025-10-02 14:07:22 | INFO | Начало проверки новостей
2025-10-02 14:07:22 | INFO | Следующая проверка через 10 мин
2025-10-02 14:17:22 | INFO | Начало проверки новостей
2025-10-02 14:17:22 | INFO | Следующая проверка через 10 мин
2025-10-02 14:27:23 | INFO | Начало проверки новостей
2025-10-02 14:27:23 | INFO | Следующая проверка через 10 мин
2025-10-02 14:37:23 | INFO | Начало проверки новостей
2025-10-02 14:37:23 | INFO | Следующая проверка через 10 мин
2025-10-02 14:47:23 | INFO | Начало проверки новостей
2025-10-02 14:47:23 | INFO | Следующая проверка через 10 мин
2025-10-02 14:57:23 | INFO | Начало проверки новостей
2025-10-02 14:57:23 | INFO | Следующая проверка через 10 мин
2025-10-02 15:07:23 | INFO | Начало проверки новостей
2025-10-02 15:07:23 | INFO | HTTP Request: POST https://api.telegram.org/bot8079237871:AAFx4oOccG4jPRorj-q9RUk0BRZpyFy94i8/sendMessage "HTTP/1.1 200 OK"
2025-10-02 15:07:23 | INFO | Отправлено: China Rolls Out Its First Talent Visa as the US Retreats on H-1Bs
2025-10-02 15:07:24 | INFO | Следующая проверка через 10 мин
2025-10-02 15:17:24 | INFO | Начало проверки новостей
2025-10-02 15:17:24 | INFO | Следующая проверка через 10 мин
2025-10-02 15:27:24 | INFO | Начало проверки новостей
2025-10-02 15:27:25 | INFO | Следующая проверка через 10 мин
2025-10-02 15:37:25 | INFO | Начало проверки новостей
2025-10-02 15:37:25 | INFO | Следующая проверка через 10 мин
2025-10-02 15:47:25 | INFO | Начало проверки новостей
2025-10-02 15:47:25 | INFO | Следующая проверка через 10 мин
2025-10-02 15:57:25 | INFO | Начало проверки новостей
2025-10-02 15:57:25 | INFO | Следующая проверка через 10 мин
2025-10-02 16:07:25 | INFO | Начало проверки новостей
2025-10-02 16:07:25 | INFO | Следующая проверка через 10 мин
2025-10-02 16:17:25 | INFO | Начало проверки новостей
2025-10-02 16:17:25 | INFO | Следующая проверка через 10 мин
2025-10-02 16:27:25 | INFO | Начало проверки новостей
2025-10-02 16:27:25 | INFO | Следующая проверка через 10 мин
2025-10-02 16:37:26 | INFO | Начало проверки новостей
2025-10-02 16:37:26 | INFO | Следующая проверка через 10 мин
2025-10-02 16:47:26 | INFO | Начало проверки новостей
2025-10-02 16:47:26 | INFO | Следующая проверка через 10 мин
2025-10-02 16:57:26 | INFO | Начало проверки новостей
2025-10-02 16:57:26 | INFO | Следующая проверка через 10 мин
2025-10-02 17:07:26 | INFO | Начало проверки новостей
2025-10-02 17:07:26 | INFO | Следующая проверка через 10 мин
2025-10-02 17:17:26 | INFO | Начало проверки новостей
2025-10-02 17:17:26 | INFO | Следующая проверка через 10 мин
2025-10-02 17:27:26 | INFO | Начало проверки новостей
2025-10-02 17:27:26 | INFO | Следующая проверка через 10 мин
2025-10-02 17:37:26 | INFO | Начало проверки новостей
2025-10-02 17:37:26 | INFO | Следующая проверка через 10 мин
2025-10-02 17:47:27 | INFO | Начало проверки новостей
2025-10-02 17:47:27 | INFO | Следующая проверка через 10 мин
2025-10-02 17:57:27 | INFO | Начало проверки новостей
2025-10-02 17:57:27 | INFO | HTTP Request: POST https://api.telegram.org/bot8079237871:AAFx4oOccG4jPRorj-q9RUk0BRZpyFy94i8/sendMessage "HTTP/1.1 200 OK"
2025-10-02 17:57:27 | INFO | Отправлено: Government Workers Say Their Out-of-Office Replies Were Forcibly Changed to Blame Democrats for Shutdown
2025-10-02 17:57:28 | INFO | Следующая проверка через 10 мин
2025-10-02 18:07:28 | INFO | Начало проверки новостей
2025-10-02 18:07:28 | INFO | Следующая проверка через 10 мин
2025-10-02 18:17:28 | INFO | Начало проверки новостей
2025-10-02 18:17:28 | INFO | HTTP Request: POST https://api.telegram.org/bot8079237871:AAFx4oOccG4jPRorj-q9RUk0BRZpyFy94i8/sendMessage "HTTP/1.1 200 OK"
2025-10-02 18:17:28 | INFO | Отправлено: Our Favorite All-in-One Printer and Scanner Is $50 Off
2025-10-02 18:17:29 | INFO | Следующая проверка через 10 мин
2025-10-02 18:27:29 | INFO | Начало проверки новостей
2025-10-02 18:27:29 | INFO | Следующая проверка через 10 мин
2025-10-02 18:37:29 | INFO | Начало проверки новостей
2025-10-02 18:37:29 | INFO | Следующая проверка через 10 мин
2025-10-02 18:47:30 | INFO | Начало проверки новостей
2025-10-02 18:47:30 | INFO | Следующая проверка через 10 мин
2025-10-02 18:57:30 | INFO | Начало проверки новостей
2025-10-02 18:57:30 | INFO | Следующая проверка через 10 мин
2025-10-02 19:07:30 | INFO | Начало проверки новостей
2025-10-02 19:07:30 | INFO | Следующая проверка через 10 мин
2025-10-02 19:17:30 | INFO | Начало проверки новостей
2025-10-02 19:17:30 | INFO | Следующая проверка через 10 мин
2025-10-02 19:27:30 | INFO | Начало проверки новостей
2025-10-02 19:27:30 | INFO | Следующая проверка через 10 мин
2025-10-02 19:37:30 | INFO | Начало проверки новостей
2025-10-02 19:37:31 | INFO | Следующая проверка через 10 мин
2025-10-02 19:47:31 | INFO | Начало проверки новостей
2025-10-02 19:47:31 | INFO | Следующая проверка через 10 мин
2025-10-02 19:57:31 | INFO | Начало проверки новостей
2025-10-02 19:57:31 | INFO | Следующая проверка через 10 мин
2025-10-02 20:07:31 | INFO | Начало проверки новостей
2025-10-02 20:07:31 | INFO | HTTP Request: POST https://api.telegram.org/bot8079237871:AAFx4oOccG4jPRorj-q9RUk0BRZpyFy94i8/sendMessage "HTTP/1.1 200 OK"
2025-10-02 20:07:31 | INFO | Отправлено: The 36 Best Movies on HBO Max Right Now (October 2025)
2025-10-02 20:07:32 | INFO | Следующая проверка через 10 мин
2025-10-02 20:17:32 | INFO | Начало проверки новостей
2025-10-02 20:17:32 | INFO | Следующая проверка через 10 мин
